<?xml version="1.0" encoding="UTF-8"?>
<testsuite xmlns:xsi="http://www.w3.org/2001/XMLSchema-instance" xsi:noNamespaceSchemaLocation="https://maven.apache.org/surefire/maven-surefire-plugin/xsd/surefire-test-report-3.0.xsd" version="3.0" name="domain.LeapYearCalculatorIntTest" time="0.239" tests="7" errors="0" skipped="0" failures="0">
  <properties>
[...]
</properties>
  <testcase name="divisibleBy4Not100" classname="domain.LeapYearCalculatorIntTest" time="0.094"/>
  <testcase name="divisibleBy400" classname="domain.LeapYearCalculatorIntTest" time="0.003"/>
  <testcase name="divisibleBy100Not400" classname="domain.LeapYearCalculatorIntTest" time="0.008"/>
  <testcase name="mcdc_A_true" classname="domain.LeapYearCalculatorIntTest" time="0.004"/>
  <testcase name="mcdc_B_true" classname="domain.LeapYearCalculatorIntTest" time="0.002"/>
  <testcase name="mcdc_C_true" classname="domain.LeapYearCalculatorIntTest" time="0.005"/>
  <testcase name="notLeap" classname="domain.LeapYearCalculatorIntTest" time="0.003"/>
</testsuite>